{
  "stats": {
    "suites": 5,
    "tests": 12,
    "passes": 12,
    "pending": 0,
    "failures": 0,
    "start": "2022-07-21T01:50:41.318Z",
    "end": "2022-07-21T01:50:42.126Z",
    "duration": 808,
    "testsRegistered": 12,
    "passPercent": 100,
    "pendingPercent": 0,
    "other": 0,
    "hasOther": false,
    "skipped": 0,
    "hasSkipped": false
  },
  "results": [
    {
      "uuid": "3d24a429-0eb3-43b9-b21a-eb89a166e9d0",
      "title": "",
      "fullFile": "",
      "file": "",
      "beforeHooks": [],
      "afterHooks": [],
      "tests": [],
      "suites": [
        {
          "uuid": "13060955-c080-4904-aa1d-2ef2d0f05df8",
          "title": "Test Get All Facility",
          "fullFile": "E:\\QA\\Officity\\officity-api-testing\\runner\\Facility\\facility.js",
          "file": "\\runner\\Facility\\facility.js",
          "beforeHooks": [],
          "afterHooks": [],
          "tests": [
            {
              "title": "Get All Facility",
              "fullTitle": "Test Get All Facility Get All Facility",
              "timedOut": false,
              "duration": 101,
              "state": "passed",
              "speed": "slow",
              "pass": true,
              "fail": false,
              "pending": false,
              "context": null,
              "code": "api\n    .get(\"/api/v1/facility\")\n    .set({ Authorization: \"Bearer \" + process.env.tokenAdmin })\n    .end(function(err, res) {\n        // validasi reponse code\n        expect(res.status).to.equals(200);\n        // validasi JSON Schema\n        expect(res.body).to.be.jsonSchema(\n            require(\"../../resource/schema/Facility/getAllFacility.json\")\n        );\n        done();\n    });",
              "err": {},
              "uuid": "2fc4981a-2db0-42aa-afee-5a451036a65b",
              "parentUUID": "13060955-c080-4904-aa1d-2ef2d0f05df8",
              "isHook": false,
              "skipped": false
            }
          ],
          "suites": [],
          "passes": [
            "2fc4981a-2db0-42aa-afee-5a451036a65b"
          ],
          "failures": [],
          "pending": [],
          "skipped": [],
          "duration": 101,
          "root": false,
          "rootEmpty": false,
          "_timeout": 15000
        },
        {
          "uuid": "3d272213-944e-4185-952c-5825d5818a9b",
          "title": "Test Get Facility By Id",
          "fullFile": "E:\\QA\\Officity\\officity-api-testing\\runner\\Facility\\facility.js",
          "file": "\\runner\\Facility\\facility.js",
          "beforeHooks": [],
          "afterHooks": [],
          "tests": [
            {
              "title": "Get Facility By Id",
              "fullTitle": "Test Get Facility By Id Get Facility By Id",
              "timedOut": false,
              "duration": 54,
              "state": "passed",
              "speed": "medium",
              "pass": true,
              "fail": false,
              "pending": false,
              "context": null,
              "code": "api\n    .get(\"/api/v1/facility/1\")\n    .set({ Authorization: \"Bearer \" + process.env.tokenAdmin })\n    .end(function(err, res) {\n        // validasi reponse code\n        expect(res.status).to.equals(200);\n        // validasi JSON Schema\n        expect(res.body).to.be.jsonSchema(\n            require(\"../../resource/schema/Facility/getFacilityById.json\")\n        );\n        done();\n    });",
              "err": {},
              "uuid": "89fcb15a-2419-4035-bf11-8068cd9a030c",
              "parentUUID": "3d272213-944e-4185-952c-5825d5818a9b",
              "isHook": false,
              "skipped": false
            },
            {
              "title": "Get Facility By Id -- Data Not Found",
              "fullTitle": "Test Get Facility By Id Get Facility By Id -- Data Not Found",
              "timedOut": false,
              "duration": 60,
              "state": "passed",
              "speed": "medium",
              "pass": true,
              "fail": false,
              "pending": false,
              "context": null,
              "code": "api\n    .get(\"/api/v1/facility/91\")\n    .set({ Authorization: \"Bearer \" + process.env.tokenAdmin })\n    .end(function(err, res) {\n        // validasi reponse code\n        expect(res.status).to.equals(400);\n        expect(res.body.message).equal(\"Data not found\");\n        done();\n    });",
              "err": {},
              "uuid": "e1261baf-8f7d-461f-8c6e-803808cbdc5c",
              "parentUUID": "3d272213-944e-4185-952c-5825d5818a9b",
              "isHook": false,
              "skipped": false
            }
          ],
          "suites": [],
          "passes": [
            "89fcb15a-2419-4035-bf11-8068cd9a030c",
            "e1261baf-8f7d-461f-8c6e-803808cbdc5c"
          ],
          "failures": [],
          "pending": [],
          "skipped": [],
          "duration": 114,
          "root": false,
          "rootEmpty": false,
          "_timeout": 15000
        },
        {
          "uuid": "1ea36a2b-aa5e-4f53-acc5-6424ca977353",
          "title": "Test Update Facility",
          "fullFile": "E:\\QA\\Officity\\officity-api-testing\\runner\\Facility\\facility.js",
          "file": "\\runner\\Facility\\facility.js",
          "beforeHooks": [],
          "afterHooks": [],
          "tests": [
            {
              "title": "Update Facility",
              "fullTitle": "Test Update Facility Update Facility",
              "timedOut": false,
              "duration": 56,
              "state": "passed",
              "speed": "medium",
              "pass": true,
              "fail": false,
              "pending": false,
              "context": null,
              "code": "api\n    .patch(\"/api/v1/facility/9\")\n    .set({ Authorization: \"Bearer \" + process.env.tokenAdmin })\n    .send({\n        name: \"PLN\",\n        type: \"Pelayanan\",\n    })\n    .end(function(err, res) {\n        // validasi reponse code\n        expect(res.status).to.equals(200);\n        // validasi JSON Schema\n        expect(res.body).to.be.jsonSchema(\n            require(\"../../resource/schema/Facility/updateFacility.json\")\n        );\n        done();\n    });",
              "err": {},
              "uuid": "3754c78e-b8be-4c68-b759-faaa51f6a03a",
              "parentUUID": "1ea36a2b-aa5e-4f53-acc5-6424ca977353",
              "isHook": false,
              "skipped": false
            },
            {
              "title": "Update Facility -- User Token",
              "fullTitle": "Test Update Facility Update Facility -- User Token",
              "timedOut": false,
              "duration": 57,
              "state": "passed",
              "speed": "medium",
              "pass": true,
              "fail": false,
              "pending": false,
              "context": null,
              "code": "api\n    .patch(\"/api/v1/facility/1\")\n    .set({ Authorization: \"Bearer \" + process.env.tokenUser })\n    .query({\n        city: \"Surabaya\",\n    })\n    .end(function(err, res) {\n        // validasi reponse code\n        expect(res.status).to.equals(403);\n        done();\n    });",
              "err": {},
              "uuid": "44bc1056-a030-4e37-b406-e53ad5aeda75",
              "parentUUID": "1ea36a2b-aa5e-4f53-acc5-6424ca977353",
              "isHook": false,
              "skipped": false
            },
            {
              "title": "Update Facility -- Data Not Found",
              "fullTitle": "Test Update Facility Update Facility -- Data Not Found",
              "timedOut": false,
              "duration": 48,
              "state": "passed",
              "speed": "medium",
              "pass": true,
              "fail": false,
              "pending": false,
              "context": null,
              "code": "api\n    .get(\"/api/v1/facility/99\")\n    .set({ Authorization: \"Bearer \" + process.env.tokenAdmin })\n    .send({\n        city: \"Surabaya\",\n    })\n    .end(function(err, res) {\n        // validasi reponse code\n        expect(res.status).to.equals(400);\n        expect(res.body.message).equal(\"Data not found\");\n        done();\n    });",
              "err": {},
              "uuid": "0d23da39-3edb-47ce-a39b-3337e1d1a496",
              "parentUUID": "1ea36a2b-aa5e-4f53-acc5-6424ca977353",
              "isHook": false,
              "skipped": false
            }
          ],
          "suites": [],
          "passes": [
            "3754c78e-b8be-4c68-b759-faaa51f6a03a",
            "44bc1056-a030-4e37-b406-e53ad5aeda75",
            "0d23da39-3edb-47ce-a39b-3337e1d1a496"
          ],
          "failures": [],
          "pending": [],
          "skipped": [],
          "duration": 161,
          "root": false,
          "rootEmpty": false,
          "_timeout": 15000
        },
        {
          "uuid": "ef4d29ca-50c7-4a22-886f-e2752bb80767",
          "title": "Test Post Facility",
          "fullFile": "E:\\QA\\Officity\\officity-api-testing\\runner\\Facility\\facility.js",
          "file": "\\runner\\Facility\\facility.js",
          "beforeHooks": [],
          "afterHooks": [],
          "tests": [
            {
              "title": "Post Facility",
              "fullTitle": "Test Post Facility Post Facility",
              "timedOut": false,
              "duration": 105,
              "state": "passed",
              "speed": "slow",
              "pass": true,
              "fail": false,
              "pending": false,
              "context": null,
              "code": "api\n    .post(\"/api/v1/facility\")\n    .set({ Authorization: \"Bearer \" + process.env.tokenAdmin })\n    .send({\n        name: \"Kantor Urusan Agama\",\n        type: \"Layanan\",\n    })\n    .end(function(err, res) {\n        // validasi reponse code\n        expect(res.status).to.equals(200);\n        // validasi JSON Schema\n        expect(res.body).to.be.jsonSchema(\n            require(\"../../resource/schema/Facility/postFacility.json\")\n        );\n        done();\n    });",
              "err": {},
              "uuid": "cd0285cf-4be4-409d-806c-2518a86bd236",
              "parentUUID": "ef4d29ca-50c7-4a22-886f-e2752bb80767",
              "isHook": false,
              "skipped": false
            },
            {
              "title": "Post Facility -- With User token ",
              "fullTitle": "Test Post Facility Post Facility -- With User token ",
              "timedOut": false,
              "duration": 52,
              "state": "passed",
              "speed": "medium",
              "pass": true,
              "fail": false,
              "pending": false,
              "context": null,
              "code": "api\n    .post(\"/api/v1/facility\")\n    .set({ Authorization: \"Bearer \" + process.env.tokenUser })\n    .send({\n        name: \"PDAM\",\n        type: \"Pelayanan\",\n    })\n    .end(function(err, res) {\n        // validasi reponse code\n        expect(res.status).to.equals(403);\n        done();\n    });",
              "err": {},
              "uuid": "1846fba2-bce4-4d14-8eb9-fedf75605d91",
              "parentUUID": "ef4d29ca-50c7-4a22-886f-e2752bb80767",
              "isHook": false,
              "skipped": false
            },
            {
              "title": "Post Facility -- Duplicate data",
              "fullTitle": "Test Post Facility Post Facility -- Duplicate data",
              "timedOut": false,
              "duration": 60,
              "state": "passed",
              "speed": "medium",
              "pass": true,
              "fail": false,
              "pending": false,
              "context": null,
              "code": "api\n    .post(\"/api/v1/facility\")\n    .set({ Authorization: \"Bearer \" + process.env.tokenAdmin })\n    .send({\n        name: \"Kantor Urusan Agama\",\n        type: \"Layanan\",\n    })\n    .end(function(err, res) {\n        // validasi reponse code\n        expect(res.status).to.equals(400);\n        expect(res.body.message).equals(\"Duplicate data\");\n        done();\n    });",
              "err": {},
              "uuid": "5f4d429b-2348-40b1-b8ed-6eeb019b25dd",
              "parentUUID": "ef4d29ca-50c7-4a22-886f-e2752bb80767",
              "isHook": false,
              "skipped": false
            }
          ],
          "suites": [],
          "passes": [
            "cd0285cf-4be4-409d-806c-2518a86bd236",
            "1846fba2-bce4-4d14-8eb9-fedf75605d91",
            "5f4d429b-2348-40b1-b8ed-6eeb019b25dd"
          ],
          "failures": [],
          "pending": [],
          "skipped": [],
          "duration": 217,
          "root": false,
          "rootEmpty": false,
          "_timeout": 15000
        },
        {
          "uuid": "ea872eba-fbcb-40a9-aeae-fae4d6080cb4",
          "title": "Test Delete Facility By Id",
          "fullFile": "E:\\QA\\Officity\\officity-api-testing\\runner\\Facility\\facility.js",
          "file": "\\runner\\Facility\\facility.js",
          "beforeHooks": [],
          "afterHooks": [],
          "tests": [
            {
              "title": "Delete Facility By Id",
              "fullTitle": "Test Delete Facility By Id Delete Facility By Id",
              "timedOut": false,
              "duration": 57,
              "state": "passed",
              "speed": "medium",
              "pass": true,
              "fail": false,
              "pending": false,
              "context": null,
              "code": "api\n    .delete(\"/api/v1/facility/9\")\n    .set({ Authorization: \"Bearer \" + process.env.tokenAdmin })\n    .end(function(err, res) {\n        // validasi reponse code\n        expect(res.status).to.equals(200);\n        expect(res.body.message).equals(\"Data deleted\");\n        done();\n    });",
              "err": {},
              "uuid": "5708c6ac-e093-4013-af5c-b5b95cc68ad5",
              "parentUUID": "ea872eba-fbcb-40a9-aeae-fae4d6080cb4",
              "isHook": false,
              "skipped": false
            },
            {
              "title": "Delete Facility By Id -- Data Not Found",
              "fullTitle": "Test Delete Facility By Id Delete Facility By Id -- Data Not Found",
              "timedOut": false,
              "duration": 58,
              "state": "passed",
              "speed": "medium",
              "pass": true,
              "fail": false,
              "pending": false,
              "context": null,
              "code": "api\n    .delete(\"/api/v1/facility/99\")\n    .set({ Authorization: \"Bearer \" + process.env.tokenAdmin })\n    .end(function(err, res) {\n        // validasi reponse code\n        expect(res.status).to.equals(400);\n        expect(res.body.message).equals(\"Data not found\");\n        done();\n    });",
              "err": {},
              "uuid": "8a1f9112-0fde-49e5-b9c1-93cb8567f788",
              "parentUUID": "ea872eba-fbcb-40a9-aeae-fae4d6080cb4",
              "isHook": false,
              "skipped": false
            },
            {
              "title": "Delete Facility By Id -- With User Token",
              "fullTitle": "Test Delete Facility By Id Delete Facility By Id -- With User Token",
              "timedOut": false,
              "duration": 56,
              "state": "passed",
              "speed": "medium",
              "pass": true,
              "fail": false,
              "pending": false,
              "context": null,
              "code": "api\n    .delete(\"/api/v1/facility/9\")\n    .set({ Authorization: \"Bearer \" + process.env.tokenUser })\n    .end(function(err, res) {\n        // validasi reponse code\n        expect(res.status).to.equals(403);\n        done();\n    });",
              "err": {},
              "uuid": "ff41d953-83fd-4b99-bfa3-0f12cb715ddc",
              "parentUUID": "ea872eba-fbcb-40a9-aeae-fae4d6080cb4",
              "isHook": false,
              "skipped": false
            }
          ],
          "suites": [],
          "passes": [
            "5708c6ac-e093-4013-af5c-b5b95cc68ad5",
            "8a1f9112-0fde-49e5-b9c1-93cb8567f788",
            "ff41d953-83fd-4b99-bfa3-0f12cb715ddc"
          ],
          "failures": [],
          "pending": [],
          "skipped": [],
          "duration": 171,
          "root": false,
          "rootEmpty": false,
          "_timeout": 15000
        }
      ],
      "passes": [],
      "failures": [],
      "pending": [],
      "skipped": [],
      "duration": 0,
      "root": true,
      "rootEmpty": true,
      "_timeout": 15000
    }
  ],
  "meta": {
    "mocha": {
      "version": "10.0.0"
    },
    "mochawesome": {
      "options": {
        "quiet": false,
        "reportFilename": "mochawesome",
        "saveHtml": true,
        "saveJson": true,
        "consoleReporter": "spec",
        "useInlineDiffs": false,
        "code": true
      },
      "version": "7.1.3"
    },
    "marge": {
      "options": null,
      "version": "6.2.0"
    }
  }
}